Started at Mon Nov 07 08:14:45 UTC 2022
Processing backup-pxc
Offering backup-pxc to Project Build Discarder
Processing deploy-pxc
Offering deploy-pxc to Project Build Discarder
Finished at Mon Nov 07 08:14:45 UTC 2022. 3ms
Started at Mon Nov 07 09:14:45 UTC 2022
Processing backup-pxc
Offering backup-pxc to Project Build Discarder
Processing deploy-pxc
Offering deploy-pxc to Project Build Discarder
Finished at Mon Nov 07 09:14:45 UTC 2022. 0ms
Started at Mon Nov 07 10:14:45 UTC 2022
Processing backup-pxc
Offering backup-pxc to Project Build Discarder
Processing deploy-pxc
Offering deploy-pxc to Project Build Discarder
Processing restore-pxc
Offering restore-pxc to Project Build Discarder
Finished at Mon Nov 07 10:14:45 UTC 2022. 0ms
Started at Mon Nov 07 11:14:45 UTC 2022
Processing backup-pxc
Offering backup-pxc to Project Build Discarder
Processing deploy-pxc
Offering deploy-pxc to Project Build Discarder
Processing restore-pxc
Offering restore-pxc to Project Build Discarder
Finished at Mon Nov 07 11:14:45 UTC 2022. 2ms
Started at Mon Nov 07 12:14:45 UTC 2022
Processing backup-pxc
Offering backup-pxc to Project Build Discarder
Processing deploy-pxc
Offering deploy-pxc to Project Build Discarder
Processing restore-pxc
Offering restore-pxc to Project Build Discarder
Finished at Mon Nov 07 12:14:45 UTC 2022. 2ms
Started at Mon Nov 07 13:14:45 UTC 2022
Processing backup-pxc
Offering backup-pxc to Project Build Discarder
Processing deploy-pxc
Offering deploy-pxc to Project Build Discarder
Processing restore-pxc
Offering restore-pxc to Project Build Discarder
Finished at Mon Nov 07 13:14:45 UTC 2022. 1ms
Started at Mon Nov 07 14:14:45 UTC 2022
Processing backup-pxc
Offering backup-pxc to Project Build Discarder
Processing deploy-pxc
Offering deploy-pxc to Project Build Discarder
Processing restore-pxc
Offering restore-pxc to Project Build Discarder
Finished at Mon Nov 07 14:14:45 UTC 2022. 1ms
Started at Mon Nov 07 15:14:45 UTC 2022
Processing backup-pxc
Offering backup-pxc to Project Build Discarder
Processing deploy-pxc
Offering deploy-pxc to Project Build Discarder
Processing restore-pxc
Offering restore-pxc to Project Build Discarder
Finished at Mon Nov 07 15:14:45 UTC 2022. 2ms
Started at Mon Nov 07 16:14:45 UTC 2022
Processing backup-pxc
Offering backup-pxc to Project Build Discarder
Processing deploy-pxc
Offering deploy-pxc to Project Build Discarder
Processing restore-pxc
Offering restore-pxc to Project Build Discarder
Finished at Mon Nov 07 16:14:45 UTC 2022. 1ms
Started at Mon Nov 07 17:14:45 UTC 2022
Processing backup-pxc
Offering backup-pxc to Project Build Discarder
Processing deploy-pxc
Offering deploy-pxc to Project Build Discarder
Processing restore-pxc
Offering restore-pxc to Project Build Discarder
Finished at Mon Nov 07 17:14:45 UTC 2022. 1ms
Started at Mon Nov 07 18:14:45 UTC 2022
Processing backup-pxc
Offering backup-pxc to Project Build Discarder
Processing deploy-pxc
Offering deploy-pxc to Project Build Discarder
Processing restore-pxc
Offering restore-pxc to Project Build Discarder
Finished at Mon Nov 07 18:14:45 UTC 2022. 1ms
